0 verbose cli /usr/local/Cellar/node/24.2.0/bin/node /usr/local/bin/npm
1 info using npm@11.3.0
2 info using node@v24.2.0
3 silly config load:file:/usr/local/lib/node_modules/npm/npmrc
4 silly config load:file:/Users/erik/InecoProject/frontend/.npmrc
5 silly config load:file:/Users/erik/.npmrc
6 silly config load:file:/usr/local/etc/npmrc
7 verbose title npm run dev
8 verbose argv "run" "dev"
9 verbose logfile logs-max:10 dir:/Users/erik/InecoProject/.npm-cache-local/_logs/2025-10-14T11_57_05_020Z-
10 verbose logfile /Users/erik/InecoProject/.npm-cache-local/_logs/2025-10-14T11_57_05_020Z-debug-0.log
11 silly logfile done cleaning log files
12 http fetch GET 200 https://registry.npmjs.org/npm 510ms
13 verbose cwd /Users/erik/InecoProject/frontend
14 verbose os Darwin 24.6.0
15 verbose node v24.2.0
16 verbose npm  v11.3.0
17 notice
17 notice New [33mminor[39m version of npm available! [33m11.3.0[39m -> [34m11.6.2[39m
17 notice Changelog: [34mhttps://github.com/npm/cli/releases/tag/v11.6.2[39m
17 notice To update run: [4mnpm install -g npm@11.6.2[24m
17 notice  { force: true, Symbol(proc-log.meta): true }
18 verbose exit 1
19 verbose code 1
