0 verbose cli /usr/local/Cellar/node/24.2.0/bin/node /usr/local/lib/node_modules/npm/bin/npm-cli.js
1 info using npm@11.3.0
2 info using node@v24.2.0
3 silly config load:file:/usr/local/lib/node_modules/npm/npmrc
4 silly config load:file:/Users/erik/InecoProject/.npmrc
5 silly config load:file:/Users/erik/.npmrc
6 silly config load:file:/usr/local/etc/npmrc
7 verbose title npm exec create-next-app@latest frontend --ts --tailwind --eslint --app --src-dir --import-alias @/* --use-npm --no-git --yes
8 verbose argv "exec" "--yes" "--" "create-next-app@latest" "frontend" "--ts" "--tailwind" "--eslint" "--app" "--src-dir" "--import-alias" "@/*" "--use-npm" "--no-git" "--yes"
9 verbose logfile logs-max:10 dir:/Users/erik/InecoProject/.npm-cache/_logs/2025-10-14T11_27_07_886Z-
10 verbose logfile /Users/erik/InecoProject/.npm-cache/_logs/2025-10-14T11_27_07_886Z-debug-0.log
11 silly logfile done cleaning log files
12 silly packumentCache heap:4496293888 maxSize:1124073472 maxEntrySize:562036736
13 http fetch GET 200 https://registry.npmjs.org/npm 822ms
14 http fetch GET 200 https://registry.npmjs.org/create-next-app 2374ms (cache miss)
15 silly packumentCache heap:4496293888 maxSize:1124073472 maxEntrySize:562036736
16 silly packumentCache heap:4496293888 maxSize:1124073472 maxEntrySize:562036736
17 silly idealTree buildDeps
18 silly fetch manifest create-next-app@15.5.5
19 silly packumentCache full:https://registry.npmjs.org/create-next-app cache-miss
20 http fetch GET 200 https://registry.npmjs.org/create-next-app 2268ms (cache miss)
21 silly packumentCache full:https://registry.npmjs.org/create-next-app set size:undefined disposed:false
22 silly placeDep ROOT create-next-app@15.5.5 OK for:  want: 15.5.5
23 silly reify moves {}
24 silly audit bulk request { 'create-next-app': [ '15.5.5' ] }
25 http cache create-next-app@https://registry.npmjs.org/create-next-app/-/create-next-app-15.5.5.tgz 0ms (cache hit)
26 silly tarball no local data for create-next-app@https://registry.npmjs.org/create-next-app/-/create-next-app-15.5.5.tgz. Extracting by manifest.
27 http fetch POST 200 https://registry.npmjs.org/-/npm/v1/security/advisories/bulk 571ms
28 silly audit report {}
29 http fetch GET 200 https://registry.npmjs.org/create-next-app/-/create-next-app-15.5.5.tgz 626ms (cache miss)
30 verbose cwd /Users/erik/InecoProject
31 verbose os Darwin 24.6.0
32 verbose node v24.2.0
33 verbose npm  v11.3.0
34 notice
34 notice New minor version of npm available! 11.3.0 -> 11.6.2
34 notice Changelog: https://github.com/npm/cli/releases/tag/v11.6.2
34 notice To update run: npm install -g npm@11.6.2
34 notice  { force: true, Symbol(proc-log.meta): true }
35 verbose exit 0
36 info ok
